<?xml version="1.0" encoding="UTF-8"?>
<!-- Generated by org.testng.reporters.JUnitReportReporter -->
<testsuite hostname="LAPTOP-8QTKQT2H" failures="0" tests="2" name="com.sdet.test.AddToCart" time="65.412" errors="1" timestamp="2023-10-16T13:51:15 IST" skipped="0">
  <testcase classname="com.sdet.test.AddToCart" name="searchProduct" time="3.180"/>
  <testcase classname="com.sdet.test.AddToCart" name="clickFirstItem" time="26.232">  
  </testcase> <!-- clickFirstItem -->
</testsuite> <!-- com.sdet.test.AddToCart -->